659505770
3088573844
3240212618
2770884808
1234770174
1576375376
1621399916
2422742758
3008816352
3239705600
2101395208
518024416
1967424048
847928138
2811145862
2231800376
2199059184
1125560154
1032571122
3395984750
2785901044
1368557068
2794250764
1939889908
3053248546
2941527160
2392566602
2278658562
1524414932
2603451858
1437227184
2853256412
3208444074
2884681602
3478557048
205167954
3281036208
1585498664
3060308660
734187414
2734286786
1406716702
2591775116
2729119380
3581255244
684012054
1957605316
2321805260
2712635452
2255308022
3127621224
1872993608
3542413144
3035089094
251172896
1221295108
1434632462
3776060032
3928032862
1813657256
