2770884808
3581255244
2811145862
1368557068
847928138
3395984750
3240212618
1032571122
3127621224
2884681602
1125560154
1872993608
1585498664
1437227184
1434632462
1813657256
1221295108
3239705600
1939889908
205167954
2591775116
251172896
2785901044
2853256412
2278658562
2729119380
2422742758
3281036208
1576375376
1234770174
3542413144
1957605316
2101395208
2941527160
659505770
2255308022
2392566602
734187414
2794250764
2603451858
3053248546
518024416
1967424048
2321805260
2231800376
2199059184
1524414932
3776060032
3035089094
1621399916
3088573844
3060308660
3478557048
684012054
3008816352
3928032862
1406716702
2734286786
2712635452
3208444074
