3053248546
3478557048
3208444074
3395984750
684012054
251172896
3240212618
1872993608
2884681602
2231800376
1234770174
1967424048
518024416
2321805260
3542413144
2199059184
1939889908
3928032862
205167954
1434632462
1406716702
1524414932
2591775116
734187414
1621399916
3035089094
2941527160
2770884808
3088573844
1032571122
2794250764
3581255244
2729119380
659505770
1125560154
3239705600
1221295108
2392566602
2422742758
1585498664
2101395208
1813657256
2255308022
2712635452
2785901044
3776060032
3281036208
2853256412
1576375376
3127621224
2278658562
2811145862
847928138
1957605316
2734286786
3060308660
1368557068
3008816352
2603451858
1437227184
