3053248546
1434632462
1234770174
2712635452
3281036208
1368557068
2811145862
3240212618
3478557048
3928032862
1437227184
2853256412
3239705600
1957605316
2278658562
2941527160
684012054
1621399916
3776060032
1939889908
1524414932
2321805260
2794250764
847928138
2392566602
1585498664
1125560154
1967424048
1813657256
205167954
3008816352
3208444074
1872993608
2770884808
2591775116
3035089094
734187414
2199059184
659505770
3581255244
2785901044
1032571122
2101395208
3395984750
2422742758
251172896
518024416
1576375376
3060308660
3542413144
2729119380
2734286786
1221295108
2231800376
2255308022
2884681602
1406716702
2603451858
3088573844
3127621224
