1221295108
2770884808
2278658562
734187414
3395984750
659505770
2101395208
3035089094
3478557048
2199059184
2422742758
3581255244
251172896
1234770174
2603451858
1434632462
1576375376
3928032862
2231800376
2794250764
3127621224
1872993608
3542413144
2853256412
1621399916
1437227184
3281036208
1585498664
518024416
2785901044
3208444074
3053248546
2734286786
1813657256
1125560154
2255308022
847928138
1939889908
2729119380
2591775116
205167954
3239705600
684012054
1406716702
1957605316
1967424048
3060308660
3240212618
2712635452
1032571122
2811145862
3776060032
3008816352
2321805260
2884681602
2392566602
3088573844
1524414932
2941527160
1368557068
