35794
25
12115
8208
16696
15
20
58
29888
84276
92764
28
8338
88910
71608
51339
59
15566
62676
34584
84
-1
39543
26025
45478
45
15
10469
84193
65
61618
37
76120
9892
19584
46
35738
22
85684
22866
11879
96714
98856
37006
38558
88820
75
25633
39042
31
35
78729
41050
55661
35648
9410
46735
14825
29110
76761
40282
21
57
15335
29
17
13
51191
39090
21143
26557
35188
86633
9715
68023
29869
15168
38396
77
24
13470
58630
95303
46
5367
37
75232
24452
16
29259
29903
15
55
13
18
45
24
87118
35243
69310
43150
43
52
13759
57779
24196
93642
20
66979
24931
102
17537
26
86511
15
15651
37698
28471
29074
79640
24
73365
8
15187
18050
49
47484
6480
29695
40
9
6800
26
55353
39461
65981
21612
11
72722
96266
38
31440
17
71122
28
20
22649
16927
30555
25341
