59
18
21
16927
15566
35794
5367
39461
17
38396
55
6480
29888
40282
87118
84276
46735
21143
12115
9715
57779
55661
76761
29
26
29259
35188
13
26025
29074
38
68023
9
-1
93642
25
86633
16696
21612
15
13759
84193
79640
24452
24931
39090
22649
24196
85684
71122
75
102
28471
6800
43150
75232
17
22866
84
51191
20
37698
35648
29903
24
29110
95303
8
28
41050
15187
25633
29695
62676
38558
45
15
92764
28
55353
46
78729
98856
15168
72722
26557
49
29869
30555
46
15335
58630
37006
65981
65
26
77
11
20
96714
96266
17537
8208
73365
20
86511
10469
69310
45
22
58
8338
43
37
47484
52
88910
88820
15
24
37
35243
31
25341
19584
61618
66979
9410
15651
13470
24
40
13
71608
39543
31440
51339
11879
39042
57
15
34584
35738
9892
16
45478
18050
35
76120
14825
