72722
35738
24
34584
15
52
43150
62676
18050
20
28471
51339
73365
45
16696
43
65
25
87118
37
66979
16
38
10469
29259
38396
84193
15
22
29903
26025
45
47484
76120
41050
29695
71122
68023
31
14825
46
75
28
29888
39090
8208
85684
25341
93642
86511
58
55661
-1
20
88910
29110
13470
49
15
35648
26
35794
76761
26557
30555
11879
9410
13759
15651
59
9715
88820
6800
13
65981
22649
37698
37006
77
15
24
29074
35188
86633
21143
15335
57
84
24196
9
40
26
55
17537
15187
78729
18
29869
22866
79640
19584
75232
45478
20
15168
11
17
92764
55353
9892
13
95303
39042
71608
96266
8
102
5367
15566
17
25633
96714
21612
51191
16927
40282
28
46
84276
38558
57779
69310
37
24931
24
8338
21
39543
12115
39461
31440
35
61618
58630
98856
6480
29
24452
35243
46735
