28
43
13
73365
37698
35648
40282
49
52
-1
9
76120
17
17
22866
86633
29695
11879
25633
16927
21
46
29074
35188
71608
26557
38558
45478
84
85684
25341
35794
24
24
21612
29869
86511
15335
102
15
13759
93642
21143
15651
79640
26
10469
39543
59
84193
69310
11
96714
65
31
9892
31440
15
5367
15187
8208
39042
84276
75232
46735
15566
87118
37
88910
26025
17537
12115
41050
8338
39461
29110
16
61618
46
24
9715
38
19584
13470
68023
92764
57
22
30555
20
65981
55
98856
66979
76761
58630
39090
71122
45
9410
26
15
28
6800
25
16696
45
95303
78729
18050
24931
20
38396
35
28471
24196
8
22649
96266
75
88820
37
29
29903
57779
72722
37006
13
62676
14825
47484
51339
77
51191
15168
20
34584
35243
58
55353
29259
18
43150
55661
35738
24452
40
29888
6480
15
