51191
29695
58630
59
55661
8338
96266
24196
57779
39543
38396
29903
13470
58
43
35243
46
26
65
11879
49
13759
45
20
17537
9
65981
25
13
39461
15
88820
69310
17
98856
37006
24
72722
9410
71608
22866
18050
15566
51339
84193
57
46735
13
21
29888
21143
92764
52
25633
31
8208
29110
18
93642
25341
38558
96714
40282
47484
35794
102
73365
8
66979
55
24931
39042
45
46
31440
5367
95303
29
88910
20
35188
84
76120
37
21612
28
15
71122
15
68023
-1
28
15335
26
24
24452
37698
15187
15168
78729
77
15
76761
22
11
84276
38
9892
20
35738
22649
24
43150
29869
34584
75232
75
9715
79640
17
37
14825
6800
87118
55353
85684
12115
6480
45478
15651
26025
10469
39090
16696
28471
19584
30555
86633
16927
29074
26557
16
40
35648
61618
29259
86511
35
41050
62676
