6093245
0
1120271
18154862
4580755
15729817
10789535
16515982
6069
2283680
987093
25704965
11963370
0
1295083
8342064
3765579
932655
1309667
975199
12064399
2571383
20010280
17458579
985652
16918633
11017904
640910
788294
1289246
17708957
19137042
1217567
7410550
18202052
5526117
6683223
15002581
2139996
5445631
544574
903912
4967812
468256
102428
12415344
5073039
5565678
5660970
7594533
0
19565272
641720
14911576
10210076
19187083
20437531
19196966
1640804
1516092
951453
980741
12895807
0
15765403
16619534
1703385
3879756
5552568
16906531
0
2509728
1146408
701104
677456
625413
21143378
527188
8740567
1076374
5343506
488631
18147013
873393
705303
3049559
1421602
16338072
751680
16649981
19539781
14431524
361130
11096547
17337282
889036
17212177
2517043
1092414
20743166
11863211
21033558
1613785
8600434
1599604
20533120
9281336
22201206
2325762
14441722
5242868
713661
19631684
9933529
449649
11735178
10673895
550792
3000000
15180841
0
972586
19039911
9808671
20700946
20511161
808430
468956
5755908
18172133
7998111
21176410
11875983
4163300
16472926
19940265
552506
13475660
1847100
13727923
0
10148120
21903983
4393017
9531720
16655089
7557646
5399149
25379061
1451393
19515435
0
15777028
1540290
0
1023939
15539505
14311160
14799723
1597643
9129924
1430832
12926311
15395547
18105434
16000000
11538374
1634094
818642
169974
672853
6634764
1285895
540010
1143302
19922590
912638
5073298
0
13442633
15358845
15669270
21909886
13220541
19251262
2621438
24304938
5033230
19664579
8513638
17104398
16632639
15747646
11773123
5174191
19869587
712936
10416249
21484963
14921883
12186355
7627517
7274214
6586825
22810123
8192585
3845672
1067682
1666280
15064860
0
3438640
0
11381854
3006873
23935678
8274189
10476918
628091
106002
12003671
695791
5156297
3428854
5086130
11573919
9752765
10662094
24884494
18775165
10092885
1461879
1377603
1261323
20850928
18783776
19659082
2905377
1719823
14596790
4983594
5550981
439139
0
36115554
22490932
895355
67375
297024
15556135
18432577
271494
5269526
1394972
1325717
10667991
4493750
3520821
3482690
1748737
1329654
10204612
15332208
4372325
7357511
3178307
4736662
22868029
12687173
22539836
16121245
861300
15498858
200820
8846390
2274609
8030691
1366744
1690777
4430271
11965909
8329072
0
4473505
17758541
600000
9532106
481500
1154297
14044372
1049650
1039185
1645058
2914626
10873432
9322617
983966
574551
12482481
4898317
