51191
29695
58630
59
55661
8338
-1
24196
57779
-1
38396
29903
13470
58
43
35243
46
-1
-1
11879
-1
13759
45
20
17537
9
65981
25
13
39461
15
88820
69310
20
-1
37006
24
-1
9410
71608
22866
24350
15566
51339
-1
57
46735
13
21
30614
21143
-1
52
25633
-1
8208
29110
18
-1
25341
38558
-1
40282
50572
35794
-1
73365
8
66979
55
24931
39042
-1
-1
33926
5522
-1
29
88910
20
36206
84
79687
37
21612
28
15
71122
15
68023
-1
28
15672
26
24
24452
37698
15187
15168
78729
77
16
76761
22
11
-1
38
9892
20
35738
22649
24
43150
-1
34584
75232
75
9715
79640
17
45
14825
7348
87118
-1
85684
12115
6480
45478
15651
26025
10469
39090
16696
28471
19584
43039
-1
16927
33156
26557
16
40
35648
62488
29259
117969
35
41050
62676
